============================= test session starts ==============================
platform linux -- Python 3.12.3, pytest-9.0.2, pluggy-1.6.0 -- /usr/bin/python3
cachedir: .pytest_cache
rootdir: /opt/hybrid-soc
configfile: pytest.ini (WARNING: ignoring pytest config in pyproject.toml!)
plugins: mock-3.15.1, respx-0.22.0, requests-mock-1.12.1, anyio-4.12.1
collecting ... collected 5 items

tests/test_ufarm_empirical_audit.py::test_sigmoid_relaxation_source_present PASSED [ 20%]
tests/test_ufarm_empirical_audit.py::test_ste_pattern_source_present PASSED [ 40%]
tests/test_ufarm_empirical_audit.py::test_two_pow_64_in_halmos_bytecode PASSED [ 60%]
tests/test_ufarm_empirical_audit.py::test_local_fracture_forge_passes PASSED [ 80%]
tests/test_ufarm_empirical_audit.py::test_ufarm_gradient_convergence_script SKIPPED [100%]

========================= 4 passed, 1 skipped in 1.57s =========================
